2021-11-01 00:01:13.126 INFO  c.n.d.shared.resolver.aws.ConfigClusterResolver   :43   [32m        [0;39m Resolving eureka endpoints via configuration
2021-11-01 00:02:21.489 DEBUG c.t.s.mapper.ProgramCategoryMapper.selectByExample:159  [32m        [0;39m ==>  Preparing: select id, program_id, category_id from program_category WHERE ( program_id = ? ) 
2021-11-01 00:02:21.490 DEBUG c.t.s.mapper.ProgramCategoryMapper.selectByExample:159  [32m        [0;39m ==> Parameters: 0QIiNoVB(String)
2021-11-01 00:02:21.491 TRACE c.t.s.mapper.ProgramCategoryMapper.selectByExample:165  [32m        [0;39m <==    Columns: id, program_id, category_id
2021-11-01 00:02:21.492 TRACE c.t.s.mapper.ProgramCategoryMapper.selectByExample:165  [32m        [0;39m <==        Row: 6xBq0ZcQ, 0QIiNoVB, 00000100
2021-11-01 00:02:21.496 TRACE c.t.s.mapper.ProgramCategoryMapper.selectByExample:165  [32m        [0;39m <==        Row: GXbY8zJj, 0QIiNoVB, 00000202
2021-11-01 00:02:21.496 TRACE c.t.s.mapper.ProgramCategoryMapper.selectByExample:165  [32m        [0;39m <==        Row: lSttUl0v, 0QIiNoVB, 00000200
2021-11-01 00:02:21.497 TRACE c.t.s.mapper.ProgramCategoryMapper.selectByExample:165  [32m        [0;39m <==        Row: nBZpDjQs, 0QIiNoVB, 00000201
2021-11-01 00:02:21.497 TRACE c.t.s.mapper.ProgramCategoryMapper.selectByExample:165  [32m        [0;39m <==        Row: QratNJuH, 0QIiNoVB, 00000102
2021-11-01 00:02:21.498 DEBUG c.t.s.mapper.ProgramCategoryMapper.selectByExample:159  [32m        [0;39m <==      Total: 5
2021-11-01 00:02:26.744 DEBUG c.t.server.mapper.ProgramMapper.updateByPrimaryKey:159  [32m        [0;39m ==>  Preparing: update program set title = ?, summary = ?, length = ?, price = ?, image = ?, type = ?, charge = ?, status = ?, favorites = ?, sort = ?, created_at = ?, updated_at = ? where id = ? 
2021-11-01 00:02:26.745 DEBUG c.t.server.mapper.ProgramMapper.updateByPrimaryKey:159  [32m        [0;39m ==> Parameters: 1111111111(String), test test test test test test test test test test test test test test test test test test test test test test (String), 6(Integer), null, (String), S(String), C(String), D(String), null, null, 2021-10-30 07:56:08.0(Timestamp), 2021-11-01 00:02:26.744(Timestamp), 0QIiNoVB(String)
2021-11-01 00:02:26.747 DEBUG c.t.server.mapper.ProgramMapper.updateByPrimaryKey:159  [32m        [0;39m <==    Updates: 1
2021-11-01 00:02:26.748 DEBUG c.t.s.mapper.ProgramCategoryMapper.deleteByExample:159  [32m        [0;39m ==>  Preparing: delete from program_category WHERE ( program_id = ? ) 
2021-11-01 00:02:26.749 DEBUG c.t.s.mapper.ProgramCategoryMapper.deleteByExample:159  [32m        [0;39m ==> Parameters: 0QIiNoVB(String)
2021-11-01 00:02:26.750 DEBUG c.t.s.mapper.ProgramCategoryMapper.deleteByExample:159  [32m        [0;39m <==    Updates: 5
2021-11-01 00:02:26.750 DEBUG com.tv.server.mapper.ProgramCategoryMapper.insert :159  [32m        [0;39m ==>  Preparing: insert into program_category (id, program_id, category_id ) values (?, ?, ? ) 
2021-11-01 00:02:26.751 DEBUG com.tv.server.mapper.ProgramCategoryMapper.insert :159  [32m        [0;39m ==> Parameters: zV5cEHYr(String), 0QIiNoVB(String), 00000100(String)
2021-11-01 00:02:26.751 DEBUG com.tv.server.mapper.ProgramCategoryMapper.insert :159  [32m        [0;39m <==    Updates: 1
2021-11-01 00:02:26.752 DEBUG com.tv.server.mapper.ProgramCategoryMapper.insert :159  [32m        [0;39m ==>  Preparing: insert into program_category (id, program_id, category_id ) values (?, ?, ? ) 
2021-11-01 00:02:26.753 DEBUG com.tv.server.mapper.ProgramCategoryMapper.insert :159  [32m        [0;39m ==> Parameters: t4GyC8BY(String), 0QIiNoVB(String), 00000102(String)
2021-11-01 00:02:26.754 DEBUG com.tv.server.mapper.ProgramCategoryMapper.insert :159  [32m        [0;39m <==    Updates: 1
2021-11-01 00:02:26.754 DEBUG com.tv.server.mapper.ProgramCategoryMapper.insert :159  [32m        [0;39m ==>  Preparing: insert into program_category (id, program_id, category_id ) values (?, ?, ? ) 
2021-11-01 00:02:26.755 DEBUG com.tv.server.mapper.ProgramCategoryMapper.insert :159  [32m        [0;39m ==> Parameters: gROSnpLd(String), 0QIiNoVB(String), 00000200(String)
2021-11-01 00:02:26.756 DEBUG com.tv.server.mapper.ProgramCategoryMapper.insert :159  [32m        [0;39m <==    Updates: 1
2021-11-01 00:02:26.757 DEBUG com.tv.server.mapper.ProgramCategoryMapper.insert :159  [32m        [0;39m ==>  Preparing: insert into program_category (id, program_id, category_id ) values (?, ?, ? ) 
2021-11-01 00:02:26.758 DEBUG com.tv.server.mapper.ProgramCategoryMapper.insert :159  [32m        [0;39m ==> Parameters: fNqVH0Ow(String), 0QIiNoVB(String), 00000201(String)
2021-11-01 00:02:26.759 DEBUG com.tv.server.mapper.ProgramCategoryMapper.insert :159  [32m        [0;39m <==    Updates: 1
2021-11-01 00:02:26.759 DEBUG com.tv.server.mapper.ProgramCategoryMapper.insert :159  [32m        [0;39m ==>  Preparing: insert into program_category (id, program_id, category_id ) values (?, ?, ? ) 
2021-11-01 00:02:26.760 DEBUG com.tv.server.mapper.ProgramCategoryMapper.insert :159  [32m        [0;39m ==> Parameters: LUHkdMIW(String), 0QIiNoVB(String), 00000202(String)
2021-11-01 00:02:26.761 DEBUG com.tv.server.mapper.ProgramCategoryMapper.insert :159  [32m        [0;39m <==    Updates: 1
2021-11-01 00:02:26.786 DEBUG c.t.s.mapper.ProgramMapper.selectByExample_COUNT  :159  [32m        [0;39m ==>  Preparing: SELECT count(0) FROM program 
2021-11-01 00:02:26.786 DEBUG c.t.s.mapper.ProgramMapper.selectByExample_COUNT  :159  [32m        [0;39m ==> Parameters: 
2021-11-01 00:02:26.787 TRACE c.t.s.mapper.ProgramMapper.selectByExample_COUNT  :165  [32m        [0;39m <==    Columns: count(0)
2021-11-01 00:02:26.787 TRACE c.t.s.mapper.ProgramMapper.selectByExample_COUNT  :165  [32m        [0;39m <==        Row: 2
2021-11-01 00:02:26.788 DEBUG c.t.s.mapper.ProgramMapper.selectByExample_COUNT  :159  [32m        [0;39m <==      Total: 1
2021-11-01 00:02:26.789 DEBUG com.tv.server.mapper.ProgramMapper.selectByExample:159  [32m        [0;39m ==>  Preparing: select id, title, summary, length, price, image, type, charge, status, favorites, sort, created_at, updated_at from program order by sort asc LIMIT ? 
2021-11-01 00:02:26.789 DEBUG com.tv.server.mapper.ProgramMapper.selectByExample:159  [32m        [0;39m ==> Parameters: 5(Integer)
2021-11-01 00:02:26.790 TRACE com.tv.server.mapper.ProgramMapper.selectByExample:165  [32m        [0;39m <==    Columns: id, title, summary, length, price, image, type, charge, status, favorites, sort, created_at, updated_at
2021-11-01 00:02:26.791 TRACE com.tv.server.mapper.ProgramMapper.selectByExample:165  [32m        [0;39m <==        Row: 0QIiNoVB, 1111111111, test test test test test test test test test test test test test test test test test test test test test test , 6, null, , S, C, D, null, null, 2021-10-30 07:56:08.0, 2021-11-01 00:02:26.744
2021-11-01 00:02:26.792 TRACE com.tv.server.mapper.ProgramMapper.selectByExample:165  [32m        [0;39m <==        Row: EJuu5hxD, 222222, null, null, null, http://127.0.0.1:9000/file/f/cover/Wod73udt-183c3cfc56e85420bbe74def58896a22_hd.jpg, null, null, null, null, null, 2021-10-31 19:24:01.0, 2021-10-31 23:55:02.524
2021-11-01 00:02:26.792 DEBUG com.tv.server.mapper.ProgramMapper.selectByExample:159  [32m        [0;39m <==      Total: 2
