2021-10-27 00:00:44.106 INFO  c.netflix.eureka.registry.AbstractInstanceRegistry:1250 [32m        [0;39m Running the evict task with compensationTime 13ms
2021-10-27 00:01:44.118 INFO  c.netflix.eureka.registry.AbstractInstanceRegistry:1250 [32m        [0;39m Running the evict task with compensationTime 12ms
2021-10-27 00:02:44.132 INFO  c.netflix.eureka.registry.AbstractInstanceRegistry:1250 [32m        [0;39m Running the evict task with compensationTime 13ms
2021-10-27 00:03:44.139 INFO  c.netflix.eureka.registry.AbstractInstanceRegistry:1250 [32m        [0;39m Running the evict task with compensationTime 7ms
2021-10-27 00:04:44.152 INFO  c.netflix.eureka.registry.AbstractInstanceRegistry:1250 [32m        [0;39m Running the evict task with compensationTime 12ms
2021-10-27 00:05:44.157 INFO  c.netflix.eureka.registry.AbstractInstanceRegistry:1250 [32m        [0;39m Running the evict task with compensationTime 5ms
2021-10-27 00:06:44.164 INFO  c.netflix.eureka.registry.AbstractInstanceRegistry:1250 [32m        [0;39m Running the evict task with compensationTime 7ms
2021-10-27 00:07:37.793 INFO  c.n.eureka.registry.PeerAwareInstanceRegistryImpl :539  [32m        [0;39m Current renewal threshold is : 3
2021-10-27 00:07:44.168 INFO  c.netflix.eureka.registry.AbstractInstanceRegistry:1250 [32m        [0;39m Running the evict task with compensationTime 3ms
2021-10-27 00:08:44.172 INFO  c.netflix.eureka.registry.AbstractInstanceRegistry:1250 [32m        [0;39m Running the evict task with compensationTime 3ms
2021-10-27 00:09:44.177 INFO  c.netflix.eureka.registry.AbstractInstanceRegistry:1250 [32m        [0;39m Running the evict task with compensationTime 5ms
2021-10-27 00:10:44.180 INFO  c.netflix.eureka.registry.AbstractInstanceRegistry:1250 [32m        [0;39m Running the evict task with compensationTime 2ms
2021-10-27 00:11:44.186 INFO  c.netflix.eureka.registry.AbstractInstanceRegistry:1250 [32m        [0;39m Running the evict task with compensationTime 6ms
2021-10-27 00:12:44.199 INFO  c.netflix.eureka.registry.AbstractInstanceRegistry:1250 [32m        [0;39m Running the evict task with compensationTime 12ms
2021-10-27 00:13:44.206 INFO  c.netflix.eureka.registry.AbstractInstanceRegistry:1250 [32m        [0;39m Running the evict task with compensationTime 7ms
2021-10-27 00:14:44.212 INFO  c.netflix.eureka.registry.AbstractInstanceRegistry:1250 [32m        [0;39m Running the evict task with compensationTime 5ms
2021-10-27 22:39:33.996 INFO  o.s.c.s.PostProcessorRegistrationDelegate$BeanPostProcessorChecker:330  [32m        [0;39m Bean 'org.springframework.cloud.autoconfigure.ConfigurationPropertiesRebinderAutoConfiguration' of type [org.springframework.cloud.autoconfigure.ConfigurationPropertiesRebinderAutoConfiguration] is not eligible for getting processed by all BeanPostProcessors (for example: not eligible for auto-proxying)
2021-10-27 22:39:34.696 INFO  com.tv.EurekaApplication                          :651  [32m        [0;39m No active profile set, falling back to default profiles: default
2021-10-27 22:39:35.741 WARN  o.springframework.boot.actuate.endpoint.EndpointId:155  [32m        [0;39m Endpoint ID 'service-registry' contains invalid characters, please migrate to a valid format.
2021-10-27 22:39:35.958 INFO  o.springframework.cloud.context.scope.GenericScope:295  [32m        [0;39m BeanFactory id=4cb4e834-76f4-37b7-a447-5fea1b5b7cea
2021-10-27 22:39:36.246 INFO  o.s.c.s.PostProcessorRegistrationDelegate$BeanPostProcessorChecker:330  [32m        [0;39m Bean 'org.springframework.cloud.autoconfigure.ConfigurationPropertiesRebinderAutoConfiguration' of type [org.springframework.cloud.autoconfigure.ConfigurationPropertiesRebinderAutoConfiguration] is not eligible for getting processed by all BeanPostProcessors (for example: not eligible for auto-proxying)
2021-10-27 22:39:37.205 INFO  o.s.boot.web.embedded.tomcat.TomcatWebServer      :92   [32m        [0;39m Tomcat initialized with port(s): 8761 (http)
2021-10-27 22:39:37.221 INFO  org.apache.coyote.http11.Http11NioProtocol        :173  [32m        [0;39m Initializing ProtocolHandler ["http-nio-8761"]
2021-10-27 22:39:37.222 INFO  org.apache.catalina.core.StandardService          :173  [32m        [0;39m Starting service [Tomcat]
2021-10-27 22:39:37.222 INFO  org.apache.catalina.core.StandardEngine           :173  [32m        [0;39m Starting Servlet engine: [Apache Tomcat/9.0.29]
2021-10-27 22:39:37.510 INFO  o.a.c.core.ContainerBase.[Tomcat].[localhost].[/] :173  [32m        [0;39m Initializing Spring embedded WebApplicationContext
2021-10-27 22:39:37.511 INFO  org.springframework.web.context.ContextLoader     :284  [32m        [0;39m Root WebApplicationContext: initialization completed in 2798 ms
2021-10-27 22:39:37.640 WARN  com.netflix.config.sources.URLConfigurationSource :121  [32m        [0;39m No URLs will be polled as dynamic configuration sources.
2021-10-27 22:39:37.641 INFO  com.netflix.config.sources.URLConfigurationSource :122  [32m        [0;39m To enable URLs as dynamic configuration sources, define System property archaius.configurationSource.additionalUrls or make config.properties available on classpath.
2021-10-27 22:39:37.671 INFO  com.netflix.config.DynamicPropertyFactory         :281  [32m        [0;39m DynamicPropertyFactory is initialized with configuration sources: com.netflix.config.ConcurrentCompositeConfiguration@64b3b1ce
2021-10-27 22:39:39.263 INFO  c.s.j.server.impl.application.WebApplicationImpl  :815  [32m        [0;39m Initiating Jersey application, version 'Jersey: 1.19.1 03/11/2016 02:08 PM'
2021-10-27 22:39:39.359 INFO  c.n.discovery.provider.DiscoveryJerseyProvider    :70   [32m        [0;39m Using JSON encoding codec LegacyJacksonJson
2021-10-27 22:39:39.364 INFO  c.n.discovery.provider.DiscoveryJerseyProvider    :71   [32m        [0;39m Using JSON decoding codec LegacyJacksonJson
2021-10-27 22:39:39.607 INFO  c.n.discovery.provider.DiscoveryJerseyProvider    :80   [32m        [0;39m Using XML encoding codec XStreamXml
2021-10-27 22:39:39.607 INFO  c.n.discovery.provider.DiscoveryJerseyProvider    :81   [32m        [0;39m Using XML decoding codec XStreamXml
2021-10-27 22:39:40.218 WARN  com.netflix.config.sources.URLConfigurationSource :121  [32m        [0;39m No URLs will be polled as dynamic configuration sources.
2021-10-27 22:39:40.219 INFO  com.netflix.config.sources.URLConfigurationSource :122  [32m        [0;39m To enable URLs as dynamic configuration sources, define System property archaius.configurationSource.additionalUrls or make config.properties available on classpath.
2021-10-27 22:39:40.654 INFO  o.s.scheduling.concurrent.ThreadPoolTaskExecutor  :171  [32m        [0;39m Initializing ExecutorService 'applicationTaskExecutor'
2021-10-27 22:39:42.369 WARN  o.s.c.l.c.BlockingLoadBalancerClientAutoConfiguration$BlockingLoadBalancerClientRibbonWarnLogger:106  [32m        [0;39m You already have RibbonLoadBalancerClient on your classpath. It will be used by default. As Spring Cloud Ribbon is in maintenance mode. We recommend switching to BlockingLoadBalancerClient instead. In order to use it, set the value of `spring.cloud.loadbalancer.ribbon.enabled` to `false` or remove spring-cloud-starter-netflix-ribbon from your project.
2021-10-27 22:39:42.421 WARN  o.s.c.l.c.LoadBalancerCacheAutoConfiguration$LoadBalancerCaffeineWarnLogger:81   [32m        [0;39m Spring Cloud LoadBalancer is currently working with default default cache. You can switch to using Caffeine cache, by adding it to the classpath.
2021-10-27 22:39:42.450 INFO  o.s.cloud.netflix.eureka.InstanceInfoFactory      :72   [32m        [0;39m Setting initial instance status as: STARTING
2021-10-27 22:39:42.513 INFO  com.netflix.discovery.DiscoveryClient             :365  [32m        [0;39m Initializing Eureka in region us-east-1
2021-10-27 22:39:42.514 INFO  com.netflix.discovery.DiscoveryClient             :368  [32m        [0;39m Client configured to neither register nor query for data.
2021-10-27 22:39:42.531 INFO  com.netflix.discovery.DiscoveryClient             :381  [32m        [0;39m Discovery Client initialized at timestamp 1635370782529 with initial instances count: 0
2021-10-27 22:39:42.615 INFO  com.netflix.eureka.DefaultEurekaServerContext     :63   [32m        [0;39m Initializing ...
2021-10-27 22:39:42.618 INFO  com.netflix.eureka.cluster.PeerEurekaNodes        :187  [32m        [0;39m Adding new peer nodes [http://localhost:8761/eureka/]
2021-10-27 22:39:43.493 INFO  c.n.discovery.provider.DiscoveryJerseyProvider    :70   [32m        [0;39m Using JSON encoding codec LegacyJacksonJson
2021-10-27 22:39:43.494 INFO  c.n.discovery.provider.DiscoveryJerseyProvider    :71   [32m        [0;39m Using JSON decoding codec LegacyJacksonJson
2021-10-27 22:39:43.494 INFO  c.n.discovery.provider.DiscoveryJerseyProvider    :80   [32m        [0;39m Using XML encoding codec XStreamXml
2021-10-27 22:39:43.494 INFO  c.n.discovery.provider.DiscoveryJerseyProvider    :81   [32m        [0;39m Using XML decoding codec XStreamXml
2021-10-27 22:39:43.629 INFO  com.netflix.eureka.cluster.PeerEurekaNodes        :109  [32m        [0;39m Replica node URL:  http://localhost:8761/eureka/
2021-10-27 22:39:43.638 INFO  c.netflix.eureka.registry.AbstractInstanceRegistry:151  [32m        [0;39m Finished initializing remote region registries. All known remote regions: []
2021-10-27 22:39:43.639 INFO  com.netflix.eureka.DefaultEurekaServerContext     :70   [32m        [0;39m Initialized
2021-10-27 22:39:43.656 INFO  o.s.b.actuate.endpoint.web.EndpointLinksResolver  :58   [32m        [0;39m Exposing 2 endpoint(s) beneath base path '/actuator'
2021-10-27 22:39:43.691 INFO  o.s.c.n.e.serviceregistry.EurekaServiceRegistry   :41   [32m        [0;39m Registering application EUREKA with eureka with status UP
2021-10-27 22:39:43.695 INFO  o.s.c.netflix.eureka.server.EurekaServerBootstrap :110  [32m        [0;39m Setting the eureka configuration..
2021-10-27 22:39:43.696 INFO  o.s.c.netflix.eureka.server.EurekaServerBootstrap :115  [32m        [0;39m Eureka data center value eureka.datacenter is not set, defaulting to default
2021-10-27 22:39:43.698 INFO  o.s.c.netflix.eureka.server.EurekaServerBootstrap :129  [32m        [0;39m Eureka environment value eureka.environment is not set, defaulting to test
2021-10-27 22:39:43.715 INFO  org.apache.coyote.http11.Http11NioProtocol        :173  [32m        [0;39m Starting ProtocolHandler ["http-nio-8761"]
2021-10-27 22:39:43.722 INFO  o.s.c.netflix.eureka.server.EurekaServerBootstrap :188  [32m        [0;39m isAws returned false
2021-10-27 22:39:43.722 INFO  o.s.c.netflix.eureka.server.EurekaServerBootstrap :153  [32m        [0;39m Initialized server context
2021-10-27 22:39:43.723 INFO  c.n.eureka.registry.PeerAwareInstanceRegistryImpl :241  [32m        [0;39m Got 1 instances from neighboring DS node
2021-10-27 22:39:43.723 INFO  c.n.eureka.registry.PeerAwareInstanceRegistryImpl :242  [32m        [0;39m Renew threshold is: 1
2021-10-27 22:39:43.723 INFO  c.n.eureka.registry.PeerAwareInstanceRegistryImpl :253  [32m        [0;39m Changing status to UP
2021-10-27 22:39:43.735 INFO  o.s.c.n.e.s.EurekaServerInitializerConfiguration  :72   [32m        [0;39m Started Eureka Server
2021-10-27 22:39:43.751 INFO  o.s.boot.web.embedded.tomcat.TomcatWebServer      :204  [32m        [0;39m Tomcat started on port(s): 8761 (http) with context path ''
2021-10-27 22:39:43.752 INFO  o.s.c.n.e.s.EurekaAutoServiceRegistration         :145  [32m        [0;39m Updating port to 8761
2021-10-27 22:39:44.388 INFO  com.tv.EurekaApplication                          :61   [32m        [0;39m Started EurekaApplication in 12.117 seconds (JVM running for 13.151)
2021-10-27 22:39:44.396 INFO  com.tv.EurekaApplication                          :22   [32m        [0;39m started successfully!!
2021-10-27 22:39:44.397 INFO  com.tv.EurekaApplication                          :23   [32m        [0;39m Eureka address: 	http://127.0.0.1:8761
2021-10-27 22:39:46.611 INFO  o.a.c.core.ContainerBase.[Tomcat].[localhost].[/] :173  [32m        [0;39m Initializing Spring DispatcherServlet 'dispatcherServlet'
2021-10-27 22:39:46.611 INFO  org.springframework.web.servlet.DispatcherServlet :525  [32m        [0;39m Initializing Servlet 'dispatcherServlet'
2021-10-27 22:39:46.618 INFO  org.springframework.web.servlet.DispatcherServlet :547  [32m        [0;39m Completed initialization in 6 ms
2021-10-27 22:39:46.653 WARN  c.netflix.eureka.registry.AbstractInstanceRegistry:353  [32m        [0;39m DS: Registry: lease doesn't exist, registering resource: BUSINESS - windows10.microdone.cn:business:9002
2021-10-27 22:39:46.654 WARN  com.netflix.eureka.resources.InstanceResource     :116  [32m        [0;39m Not Found (Renew): BUSINESS - windows10.microdone.cn:business:9002
2021-10-27 22:39:46.858 INFO  c.netflix.eureka.registry.AbstractInstanceRegistry:266  [32m        [0;39m Registered instance BUSINESS/windows10.microdone.cn:business:9002 with status UP (replication=false)
2021-10-27 22:39:47.521 INFO  c.netflix.eureka.registry.AbstractInstanceRegistry:266  [32m        [0;39m Registered instance BUSINESS/windows10.microdone.cn:business:9002 with status UP (replication=true)
2021-10-27 22:40:43.726 INFO  c.netflix.eureka.registry.AbstractInstanceRegistry:1250 [32m        [0;39m Running the evict task with compensationTime 0ms
2021-10-27 22:41:43.732 INFO  c.netflix.eureka.registry.AbstractInstanceRegistry:1250 [32m        [0;39m Running the evict task with compensationTime 5ms
2021-10-27 22:42:43.741 INFO  c.netflix.eureka.registry.AbstractInstanceRegistry:1250 [32m        [0;39m Running the evict task with compensationTime 8ms
2021-10-27 22:43:43.747 INFO  c.netflix.eureka.registry.AbstractInstanceRegistry:1250 [32m        [0;39m Running the evict task with compensationTime 6ms
2021-10-27 22:44:43.755 INFO  c.netflix.eureka.registry.AbstractInstanceRegistry:1250 [32m        [0;39m Running the evict task with compensationTime 8ms
2021-10-27 22:45:43.767 INFO  c.netflix.eureka.registry.AbstractInstanceRegistry:1250 [32m        [0;39m Running the evict task with compensationTime 11ms
2021-10-27 22:46:43.777 INFO  c.netflix.eureka.registry.AbstractInstanceRegistry:1250 [32m        [0;39m Running the evict task with compensationTime 10ms
2021-10-27 22:47:43.778 INFO  c.netflix.eureka.registry.AbstractInstanceRegistry:1250 [32m        [0;39m Running the evict task with compensationTime 0ms
2021-10-27 22:48:43.779 INFO  c.netflix.eureka.registry.AbstractInstanceRegistry:1250 [32m        [0;39m Running the evict task with compensationTime 0ms
2021-10-27 22:49:43.788 INFO  c.netflix.eureka.registry.AbstractInstanceRegistry:1250 [32m        [0;39m Running the evict task with compensationTime 9ms
2021-10-27 22:50:43.788 INFO  c.netflix.eureka.registry.AbstractInstanceRegistry:1250 [32m        [0;39m Running the evict task with compensationTime 0ms
2021-10-27 22:51:43.799 INFO  c.netflix.eureka.registry.AbstractInstanceRegistry:1250 [32m        [0;39m Running the evict task with compensationTime 10ms
2021-10-27 22:52:43.799 INFO  c.netflix.eureka.registry.AbstractInstanceRegistry:1250 [32m        [0;39m Running the evict task with compensationTime 0ms
2021-10-27 22:53:43.807 INFO  c.netflix.eureka.registry.AbstractInstanceRegistry:1250 [32m        [0;39m Running the evict task with compensationTime 7ms
2021-10-27 22:54:43.654 INFO  c.n.eureka.registry.PeerAwareInstanceRegistryImpl :539  [32m        [0;39m Current renewal threshold is : 3
2021-10-27 22:54:43.811 INFO  c.netflix.eureka.registry.AbstractInstanceRegistry:1250 [32m        [0;39m Running the evict task with compensationTime 3ms
2021-10-27 22:55:43.815 INFO  c.netflix.eureka.registry.AbstractInstanceRegistry:1250 [32m        [0;39m Running the evict task with compensationTime 3ms
2021-10-27 22:56:43.829 INFO  c.netflix.eureka.registry.AbstractInstanceRegistry:1250 [32m        [0;39m Running the evict task with compensationTime 14ms
2021-10-27 22:57:43.840 INFO  c.netflix.eureka.registry.AbstractInstanceRegistry:1250 [32m        [0;39m Running the evict task with compensationTime 11ms
2021-10-27 22:58:43.854 INFO  c.netflix.eureka.registry.AbstractInstanceRegistry:1250 [32m        [0;39m Running the evict task with compensationTime 13ms
2021-10-27 22:59:43.857 INFO  c.netflix.eureka.registry.AbstractInstanceRegistry:1250 [32m        [0;39m Running the evict task with compensationTime 3ms
2021-10-27 23:00:43.872 INFO  c.netflix.eureka.registry.AbstractInstanceRegistry:1250 [32m        [0;39m Running the evict task with compensationTime 15ms
2021-10-27 23:01:43.877 INFO  c.netflix.eureka.registry.AbstractInstanceRegistry:1250 [32m        [0;39m Running the evict task with compensationTime 5ms
2021-10-27 23:02:43.878 INFO  c.netflix.eureka.registry.AbstractInstanceRegistry:1250 [32m        [0;39m Running the evict task with compensationTime 0ms
2021-10-27 23:03:43.891 INFO  c.netflix.eureka.registry.AbstractInstanceRegistry:1250 [32m        [0;39m Running the evict task with compensationTime 12ms
2021-10-27 23:04:43.900 INFO  c.netflix.eureka.registry.AbstractInstanceRegistry:1250 [32m        [0;39m Running the evict task with compensationTime 8ms
2021-10-27 23:05:43.910 INFO  c.netflix.eureka.registry.AbstractInstanceRegistry:1250 [32m        [0;39m Running the evict task with compensationTime 10ms
2021-10-27 23:06:43.911 INFO  c.netflix.eureka.registry.AbstractInstanceRegistry:1250 [32m        [0;39m Running the evict task with compensationTime 1ms
2021-10-27 23:07:43.916 INFO  c.netflix.eureka.registry.AbstractInstanceRegistry:1250 [32m        [0;39m Running the evict task with compensationTime 4ms
2021-10-27 23:08:43.925 INFO  c.netflix.eureka.registry.AbstractInstanceRegistry:1250 [32m        [0;39m Running the evict task with compensationTime 9ms
2021-10-27 23:09:43.657 INFO  c.n.eureka.registry.PeerAwareInstanceRegistryImpl :539  [32m        [0;39m Current renewal threshold is : 3
2021-10-27 23:09:43.932 INFO  c.netflix.eureka.registry.AbstractInstanceRegistry:1250 [32m        [0;39m Running the evict task with compensationTime 6ms
2021-10-27 23:10:43.942 INFO  c.netflix.eureka.registry.AbstractInstanceRegistry:1250 [32m        [0;39m Running the evict task with compensationTime 10ms
2021-10-27 23:11:02.813 INFO  c.netflix.eureka.registry.AbstractInstanceRegistry:266  [32m        [0;39m Registered instance BUSINESS/windows10.microdone.cn:business:9002 with status UP (replication=false)
2021-10-27 23:11:03.321 INFO  c.netflix.eureka.registry.AbstractInstanceRegistry:266  [32m        [0;39m Registered instance BUSINESS/windows10.microdone.cn:business:9002 with status UP (replication=true)
2021-10-27 23:11:43.947 INFO  c.netflix.eureka.registry.AbstractInstanceRegistry:1250 [32m        [0;39m Running the evict task with compensationTime 4ms
2021-10-27 23:12:43.951 INFO  c.netflix.eureka.registry.AbstractInstanceRegistry:1250 [32m        [0;39m Running the evict task with compensationTime 3ms
2021-10-27 23:13:43.952 INFO  c.netflix.eureka.registry.AbstractInstanceRegistry:1250 [32m        [0;39m Running the evict task with compensationTime 0ms
2021-10-27 23:14:43.960 INFO  c.netflix.eureka.registry.AbstractInstanceRegistry:1250 [32m        [0;39m Running the evict task with compensationTime 8ms
2021-10-27 23:15:16.161 INFO  c.netflix.eureka.registry.AbstractInstanceRegistry:266  [32m        [0;39m Registered instance BUSINESS/windows10.microdone.cn:business:9002 with status DOWN (replication=false)
2021-10-27 23:15:16.691 INFO  c.netflix.eureka.registry.AbstractInstanceRegistry:266  [32m        [0;39m Registered instance BUSINESS/windows10.microdone.cn:business:9002 with status DOWN (replication=true)
2021-10-27 23:15:19.195 INFO  c.netflix.eureka.registry.AbstractInstanceRegistry:330  [32m        [0;39m Cancelled instance BUSINESS/windows10.microdone.cn:business:9002 (replication=false)
2021-10-27 23:15:19.739 WARN  c.netflix.eureka.registry.AbstractInstanceRegistry:315  [32m        [0;39m DS: Registry: cancel failed because Lease is not registered for: BUSINESS/windows10.microdone.cn:business:9002
2021-10-27 23:15:19.739 INFO  com.netflix.eureka.resources.InstanceResource     :288  [32m        [0;39m Not Found (Cancel): BUSINESS - windows10.microdone.cn:business:9002
2021-10-27 23:15:19.741 WARN  com.netflix.eureka.cluster.ReplicationTask        :35   [32m        [0;39m The replication of task BUSINESS/windows10.microdone.cn:business:9002:Cancel@localhost failed with response code 404
2021-10-27 23:15:19.742 WARN  com.netflix.eureka.cluster.PeerEurekaNode         :171  [32m        [0;39m BUSINESS/windows10.microdone.cn:business:9002:Cancel@localhost: missing entry.
2021-10-27 23:15:24.262 INFO  c.netflix.eureka.registry.AbstractInstanceRegistry:266  [32m        [0;39m Registered instance BUSINESS/windows10.microdone.cn:business:9002 with status UP (replication=false)
2021-10-27 23:15:24.791 INFO  c.netflix.eureka.registry.AbstractInstanceRegistry:266  [32m        [0;39m Registered instance BUSINESS/windows10.microdone.cn:business:9002 with status UP (replication=true)
2021-10-27 23:15:43.962 INFO  c.netflix.eureka.registry.AbstractInstanceRegistry:1250 [32m        [0;39m Running the evict task with compensationTime 1ms
2021-10-27 23:16:43.971 INFO  c.netflix.eureka.registry.AbstractInstanceRegistry:1250 [32m        [0;39m Running the evict task with compensationTime 9ms
2021-10-27 23:17:43.977 INFO  c.netflix.eureka.registry.AbstractInstanceRegistry:1250 [32m        [0;39m Running the evict task with compensationTime 6ms
2021-10-27 23:18:43.984 INFO  c.netflix.eureka.registry.AbstractInstanceRegistry:1250 [32m        [0;39m Running the evict task with compensationTime 7ms
2021-10-27 23:19:25.185 ERROR c.netflix.eureka.cluster.ReplicationTaskProcessor :96   [32m        [0;39m It seems to be a socket read timeout exception, it will retry later. if it continues to happen and some eureka node occupied all the cpu time, you should set property 'eureka.server.peer-node-read-timeout-ms' to a bigger value
com.sun.jersey.api.client.ClientHandlerException: java.net.SocketTimeoutException: Read timed out
	at com.sun.jersey.client.apache4.ApacheHttpClient4Handler.handle(ApacheHttpClient4Handler.java:187)
	at com.netflix.eureka.cluster.DynamicGZIPContentEncodingFilter.handle(DynamicGZIPContentEncodingFilter.java:48)
	at com.netflix.discovery.EurekaIdentityHeaderFilter.handle(EurekaIdentityHeaderFilter.java:27)
	at com.sun.jersey.api.client.Client.handle(Client.java:652)
	at com.sun.jersey.api.client.WebResource.handle(WebResource.java:682)
	at com.sun.jersey.api.client.WebResource.access$200(WebResource.java:74)
	at com.sun.jersey.api.client.WebResource$Builder.post(WebResource.java:570)
	at com.netflix.eureka.transport.JerseyReplicationClient.submitBatchUpdates(JerseyReplicationClient.java:117)
	at com.netflix.eureka.cluster.ReplicationTaskProcessor.process(ReplicationTaskProcessor.java:80)
	at com.netflix.eureka.util.batcher.TaskExecutors$BatchWorkerRunnable.run(TaskExecutors.java:193)
	at java.lang.Thread.run(Thread.java:748)
Caused by: java.net.SocketTimeoutException: Read timed out
	at java.net.SocketInputStream.socketRead0(Native Method)
	at java.net.SocketInputStream.socketRead(SocketInputStream.java:116)
	at java.net.SocketInputStream.read(SocketInputStream.java:171)
	at java.net.SocketInputStream.read(SocketInputStream.java:141)
	at org.apache.http.impl.io.AbstractSessionInputBuffer.fillBuffer(AbstractSessionInputBuffer.java:161)
	at org.apache.http.impl.io.SocketInputBuffer.fillBuffer(SocketInputBuffer.java:82)
	at org.apache.http.impl.io.AbstractSessionInputBuffer.readLine(AbstractSessionInputBuffer.java:276)
	at org.apache.http.impl.conn.DefaultHttpResponseParser.parseHead(DefaultHttpResponseParser.java:138)
	at org.apache.http.impl.conn.DefaultHttpResponseParser.parseHead(DefaultHttpResponseParser.java:56)
	at org.apache.http.impl.io.AbstractMessageParser.parse(AbstractMessageParser.java:259)
	at org.apache.http.impl.AbstractHttpClientConnection.receiveResponseHeader(AbstractHttpClientConnection.java:294)
	at org.apache.http.impl.conn.DefaultClientConnection.receiveResponseHeader(DefaultClientConnection.java:257)
	at org.apache.http.impl.conn.AbstractClientConnAdapter.receiveResponseHeader(AbstractClientConnAdapter.java:230)
	at org.apache.http.protocol.HttpRequestExecutor.doReceiveResponse(HttpRequestExecutor.java:273)
	at org.apache.http.protocol.HttpRequestExecutor.execute(HttpRequestExecutor.java:125)
	at org.apache.http.impl.client.DefaultRequestDirector.tryExecute(DefaultRequestDirector.java:679)
	at org.apache.http.impl.client.DefaultRequestDirector.execute(DefaultRequestDirector.java:481)
	at org.apache.http.impl.client.AbstractHttpClient.doExecute(AbstractHttpClient.java:835)
	at org.apache.http.impl.client.CloseableHttpClient.execute(CloseableHttpClient.java:118)
	at org.apache.http.impl.client.CloseableHttpClient.execute(CloseableHttpClient.java:56)
	at com.sun.jersey.client.apache4.ApacheHttpClient4Handler.handle(ApacheHttpClient4Handler.java:173)
	... 10 common frames omitted
2021-10-27 23:19:43.999 INFO  c.netflix.eureka.registry.AbstractInstanceRegistry:1250 [32m        [0;39m Running the evict task with compensationTime 14ms
2021-10-27 23:20:43.999 INFO  c.netflix.eureka.registry.AbstractInstanceRegistry:1250 [32m        [0;39m Running the evict task with compensationTime 0ms
2021-10-27 23:21:44.000 INFO  c.netflix.eureka.registry.AbstractInstanceRegistry:1250 [32m        [0;39m Running the evict task with compensationTime 1ms
2021-10-27 23:22:44.009 INFO  c.netflix.eureka.registry.AbstractInstanceRegistry:1250 [32m        [0;39m Running the evict task with compensationTime 8ms
2021-10-27 23:23:44.012 INFO  c.netflix.eureka.registry.AbstractInstanceRegistry:1250 [32m        [0;39m Running the evict task with compensationTime 3ms
2021-10-27 23:24:43.666 INFO  c.n.eureka.registry.PeerAwareInstanceRegistryImpl :539  [32m        [0;39m Current renewal threshold is : 3
2021-10-27 23:24:44.026 INFO  c.netflix.eureka.registry.AbstractInstanceRegistry:1250 [32m        [0;39m Running the evict task with compensationTime 14ms
2021-10-27 23:25:44.036 INFO  c.netflix.eureka.registry.AbstractInstanceRegistry:1250 [32m        [0;39m Running the evict task with compensationTime 9ms
2021-10-27 23:26:44.046 INFO  c.netflix.eureka.registry.AbstractInstanceRegistry:1250 [32m        [0;39m Running the evict task with compensationTime 9ms
2021-10-27 23:27:15.163 INFO  c.netflix.eureka.registry.AbstractInstanceRegistry:266  [32m        [0;39m Registered instance BUSINESS/windows10.microdone.cn:business:9002 with status DOWN (replication=false)
2021-10-27 23:27:15.177 INFO  c.netflix.eureka.registry.AbstractInstanceRegistry:330  [32m        [0;39m Cancelled instance BUSINESS/windows10.microdone.cn:business:9002 (replication=false)
2021-10-27 23:27:15.698 INFO  c.netflix.eureka.registry.AbstractInstanceRegistry:266  [32m        [0;39m Registered instance BUSINESS/windows10.microdone.cn:business:9002 with status DOWN (replication=true)
2021-10-27 23:27:15.699 INFO  c.netflix.eureka.registry.AbstractInstanceRegistry:330  [32m        [0;39m Cancelled instance BUSINESS/windows10.microdone.cn:business:9002 (replication=true)
2021-10-27 23:27:44.054 INFO  c.netflix.eureka.registry.AbstractInstanceRegistry:1250 [32m        [0;39m Running the evict task with compensationTime 8ms
2021-10-27 23:28:44.068 INFO  c.netflix.eureka.registry.AbstractInstanceRegistry:1250 [32m        [0;39m Running the evict task with compensationTime 13ms
2021-10-27 23:29:44.076 INFO  c.netflix.eureka.registry.AbstractInstanceRegistry:1250 [32m        [0;39m Running the evict task with compensationTime 7ms
2021-10-27 23:30:44.088 INFO  c.netflix.eureka.registry.AbstractInstanceRegistry:1250 [32m        [0;39m Running the evict task with compensationTime 12ms
2021-10-27 23:31:44.091 INFO  c.netflix.eureka.registry.AbstractInstanceRegistry:1250 [32m        [0;39m Running the evict task with compensationTime 2ms
2021-10-27 23:32:44.097 INFO  c.netflix.eureka.registry.AbstractInstanceRegistry:1250 [32m        [0;39m Running the evict task with compensationTime 6ms
2021-10-27 23:33:44.111 INFO  c.netflix.eureka.registry.AbstractInstanceRegistry:1250 [32m        [0;39m Running the evict task with compensationTime 14ms
2021-10-27 23:34:44.112 INFO  c.netflix.eureka.registry.AbstractInstanceRegistry:1250 [32m        [0;39m Running the evict task with compensationTime 0ms
2021-10-27 23:35:44.118 INFO  c.netflix.eureka.registry.AbstractInstanceRegistry:1250 [32m        [0;39m Running the evict task with compensationTime 5ms
2021-10-27 23:36:44.124 INFO  c.netflix.eureka.registry.AbstractInstanceRegistry:1250 [32m        [0;39m Running the evict task with compensationTime 6ms
2021-10-27 23:37:44.139 INFO  c.netflix.eureka.registry.AbstractInstanceRegistry:1250 [32m        [0;39m Running the evict task with compensationTime 15ms
2021-10-27 23:38:24.542 INFO  c.netflix.eureka.registry.AbstractInstanceRegistry:266  [32m        [0;39m Registered instance BUSINESS/windows10.microdone.cn:business:9002 with status UP (replication=false)
2021-10-27 23:38:25.055 INFO  c.netflix.eureka.registry.AbstractInstanceRegistry:266  [32m        [0;39m Registered instance BUSINESS/windows10.microdone.cn:business:9002 with status UP (replication=true)
2021-10-27 23:38:44.152 INFO  c.netflix.eureka.registry.AbstractInstanceRegistry:1250 [32m        [0;39m Running the evict task with compensationTime 13ms
2021-10-27 23:39:43.667 INFO  c.n.eureka.registry.PeerAwareInstanceRegistryImpl :539  [32m        [0;39m Current renewal threshold is : 3
2021-10-27 23:39:44.166 INFO  c.netflix.eureka.registry.AbstractInstanceRegistry:1250 [32m        [0;39m Running the evict task with compensationTime 13ms
2021-10-27 23:40:44.175 INFO  c.netflix.eureka.registry.AbstractInstanceRegistry:1250 [32m        [0;39m Running the evict task with compensationTime 8ms
2021-10-27 23:41:44.181 INFO  c.netflix.eureka.registry.AbstractInstanceRegistry:1250 [32m        [0;39m Running the evict task with compensationTime 5ms
2021-10-27 23:42:44.193 INFO  c.netflix.eureka.registry.AbstractInstanceRegistry:1250 [32m        [0;39m Running the evict task with compensationTime 12ms
2021-10-27 23:43:04.737 INFO  c.netflix.eureka.registry.AbstractInstanceRegistry:266  [32m        [0;39m Registered instance BUSINESS/windows10.microdone.cn:business:9002 with status DOWN (replication=false)
2021-10-27 23:43:04.753 INFO  c.netflix.eureka.registry.AbstractInstanceRegistry:330  [32m        [0;39m Cancelled instance BUSINESS/windows10.microdone.cn:business:9002 (replication=false)
2021-10-27 23:43:05.278 INFO  c.netflix.eureka.registry.AbstractInstanceRegistry:266  [32m        [0;39m Registered instance BUSINESS/windows10.microdone.cn:business:9002 with status DOWN (replication=true)
2021-10-27 23:43:05.279 INFO  c.netflix.eureka.registry.AbstractInstanceRegistry:330  [32m        [0;39m Cancelled instance BUSINESS/windows10.microdone.cn:business:9002 (replication=true)
2021-10-27 23:43:09.531 INFO  c.netflix.eureka.registry.AbstractInstanceRegistry:266  [32m        [0;39m Registered instance BUSINESS/windows10.microdone.cn:business:9002 with status UP (replication=false)
2021-10-27 23:43:10.058 INFO  c.netflix.eureka.registry.AbstractInstanceRegistry:266  [32m        [0;39m Registered instance BUSINESS/windows10.microdone.cn:business:9002 with status UP (replication=true)
2021-10-27 23:43:44.197 INFO  c.netflix.eureka.registry.AbstractInstanceRegistry:1250 [32m        [0;39m Running the evict task with compensationTime 4ms
2021-10-27 23:44:44.207 INFO  c.netflix.eureka.registry.AbstractInstanceRegistry:1250 [32m        [0;39m Running the evict task with compensationTime 9ms
2021-10-27 23:45:44.210 INFO  c.netflix.eureka.registry.AbstractInstanceRegistry:1250 [32m        [0;39m Running the evict task with compensationTime 3ms
2021-10-27 23:46:44.224 INFO  c.netflix.eureka.registry.AbstractInstanceRegistry:1250 [32m        [0;39m Running the evict task with compensationTime 13ms
2021-10-27 23:47:44.227 INFO  c.netflix.eureka.registry.AbstractInstanceRegistry:1250 [32m        [0;39m Running the evict task with compensationTime 3ms
2021-10-27 23:48:44.239 INFO  c.netflix.eureka.registry.AbstractInstanceRegistry:1250 [32m        [0;39m Running the evict task with compensationTime 11ms
2021-10-27 23:49:44.253 INFO  c.netflix.eureka.registry.AbstractInstanceRegistry:1250 [32m        [0;39m Running the evict task with compensationTime 14ms
2021-10-27 23:50:44.263 INFO  c.netflix.eureka.registry.AbstractInstanceRegistry:1250 [32m        [0;39m Running the evict task with compensationTime 9ms
2021-10-27 23:51:44.266 INFO  c.netflix.eureka.registry.AbstractInstanceRegistry:1250 [32m        [0;39m Running the evict task with compensationTime 2ms
2021-10-27 23:52:44.271 INFO  c.netflix.eureka.registry.AbstractInstanceRegistry:1250 [32m        [0;39m Running the evict task with compensationTime 5ms
2021-10-27 23:53:44.280 INFO  c.netflix.eureka.registry.AbstractInstanceRegistry:1250 [32m        [0;39m Running the evict task with compensationTime 9ms
2021-10-27 23:54:43.676 INFO  c.n.eureka.registry.PeerAwareInstanceRegistryImpl :539  [32m        [0;39m Current renewal threshold is : 3
2021-10-27 23:54:44.291 INFO  c.netflix.eureka.registry.AbstractInstanceRegistry:1250 [32m        [0;39m Running the evict task with compensationTime 10ms
2021-10-27 23:55:44.296 INFO  c.netflix.eureka.registry.AbstractInstanceRegistry:1250 [32m        [0;39m Running the evict task with compensationTime 5ms
2021-10-27 23:56:44.310 INFO  c.netflix.eureka.registry.AbstractInstanceRegistry:1250 [32m        [0;39m Running the evict task with compensationTime 13ms
2021-10-27 23:57:44.317 INFO  c.netflix.eureka.registry.AbstractInstanceRegistry:1250 [32m        [0;39m Running the evict task with compensationTime 6ms
2021-10-27 23:58:44.327 INFO  c.netflix.eureka.registry.AbstractInstanceRegistry:1250 [32m        [0;39m Running the evict task with compensationTime 9ms
2021-10-27 23:59:44.334 INFO  c.netflix.eureka.registry.AbstractInstanceRegistry:1250 [32m        [0;39m Running the evict task with compensationTime 7ms
