2021-10-31 00:00:27.446 INFO  c.netflix.eureka.registry.AbstractInstanceRegistry:1250 [32m        [0;39m Running the evict task with compensationTime 1ms
2021-10-31 00:01:27.451 INFO  c.netflix.eureka.registry.AbstractInstanceRegistry:1250 [32m        [0;39m Running the evict task with compensationTime 5ms
2021-10-31 00:02:27.459 INFO  c.netflix.eureka.registry.AbstractInstanceRegistry:1250 [32m        [0;39m Running the evict task with compensationTime 7ms
2021-10-31 00:03:27.470 INFO  c.netflix.eureka.registry.AbstractInstanceRegistry:1250 [32m        [0;39m Running the evict task with compensationTime 10ms
2021-10-31 00:04:27.483 INFO  c.netflix.eureka.registry.AbstractInstanceRegistry:1250 [32m        [0;39m Running the evict task with compensationTime 13ms
2021-10-31 00:05:27.497 INFO  c.netflix.eureka.registry.AbstractInstanceRegistry:1250 [32m        [0;39m Running the evict task with compensationTime 13ms
2021-10-31 00:06:27.512 INFO  c.netflix.eureka.registry.AbstractInstanceRegistry:1250 [32m        [0;39m Running the evict task with compensationTime 14ms
2021-10-31 00:07:27.521 INFO  c.netflix.eureka.registry.AbstractInstanceRegistry:1250 [32m        [0;39m Running the evict task with compensationTime 9ms
2021-10-31 00:08:27.535 INFO  c.netflix.eureka.registry.AbstractInstanceRegistry:1250 [32m        [0;39m Running the evict task with compensationTime 13ms
2021-10-31 00:09:22.460 INFO  c.n.eureka.registry.PeerAwareInstanceRegistryImpl :539  [32m        [0;39m Current renewal threshold is : 5
2021-10-31 00:09:27.539 INFO  c.netflix.eureka.registry.AbstractInstanceRegistry:1250 [32m        [0;39m Running the evict task with compensationTime 4ms
2021-10-31 00:10:27.543 INFO  c.netflix.eureka.registry.AbstractInstanceRegistry:1250 [32m        [0;39m Running the evict task with compensationTime 3ms
2021-10-31 00:11:27.546 INFO  c.netflix.eureka.registry.AbstractInstanceRegistry:1250 [32m        [0;39m Running the evict task with compensationTime 2ms
2021-10-31 00:12:27.547 INFO  c.netflix.eureka.registry.AbstractInstanceRegistry:1250 [32m        [0;39m Running the evict task with compensationTime 1ms
2021-10-31 00:13:27.557 INFO  c.netflix.eureka.registry.AbstractInstanceRegistry:1250 [32m        [0;39m Running the evict task with compensationTime 10ms
2021-10-31 00:14:27.565 INFO  c.netflix.eureka.registry.AbstractInstanceRegistry:1250 [32m        [0;39m Running the evict task with compensationTime 7ms
2021-10-31 00:15:27.579 INFO  c.netflix.eureka.registry.AbstractInstanceRegistry:1250 [32m        [0;39m Running the evict task with compensationTime 14ms
2021-10-31 00:16:27.589 INFO  c.netflix.eureka.registry.AbstractInstanceRegistry:1250 [32m        [0;39m Running the evict task with compensationTime 10ms
2021-10-31 00:17:27.601 INFO  c.netflix.eureka.registry.AbstractInstanceRegistry:1250 [32m        [0;39m Running the evict task with compensationTime 11ms
2021-10-31 00:18:27.603 INFO  c.netflix.eureka.registry.AbstractInstanceRegistry:1250 [32m        [0;39m Running the evict task with compensationTime 2ms
2021-10-31 00:19:27.616 INFO  c.netflix.eureka.registry.AbstractInstanceRegistry:1250 [32m        [0;39m Running the evict task with compensationTime 13ms
2021-10-31 00:20:27.629 INFO  c.netflix.eureka.registry.AbstractInstanceRegistry:1250 [32m        [0;39m Running the evict task with compensationTime 13ms
2021-10-31 00:20:58.672 INFO  c.netflix.eureka.registry.AbstractInstanceRegistry:266  [32m        [0;39m Registered instance BUSINESS/windows10.microdone.cn:business:9002 with status DOWN (replication=false)
2021-10-31 00:20:58.687 INFO  c.netflix.eureka.registry.AbstractInstanceRegistry:330  [32m        [0;39m Cancelled instance BUSINESS/windows10.microdone.cn:business:9002 (replication=false)
2021-10-31 00:20:59.193 INFO  c.netflix.eureka.registry.AbstractInstanceRegistry:266  [32m        [0;39m Registered instance BUSINESS/windows10.microdone.cn:business:9002 with status DOWN (replication=true)
2021-10-31 00:20:59.193 INFO  c.netflix.eureka.registry.AbstractInstanceRegistry:330  [32m        [0;39m Cancelled instance BUSINESS/windows10.microdone.cn:business:9002 (replication=true)
2021-10-31 00:21:03.972 INFO  c.netflix.eureka.registry.AbstractInstanceRegistry:266  [32m        [0;39m Registered instance BUSINESS/windows10.microdone.cn:business:9002 with status UP (replication=false)
2021-10-31 00:21:04.500 INFO  c.netflix.eureka.registry.AbstractInstanceRegistry:266  [32m        [0;39m Registered instance BUSINESS/windows10.microdone.cn:business:9002 with status UP (replication=true)
2021-10-31 00:21:27.638 INFO  c.netflix.eureka.registry.AbstractInstanceRegistry:1250 [32m        [0;39m Running the evict task with compensationTime 8ms
2021-10-31 00:22:27.650 INFO  c.netflix.eureka.registry.AbstractInstanceRegistry:1250 [32m        [0;39m Running the evict task with compensationTime 12ms
2021-10-31 00:23:09.152 INFO  c.netflix.eureka.registry.AbstractInstanceRegistry:266  [32m        [0;39m Registered instance BUSINESS/windows10.microdone.cn:business:9002 with status DOWN (replication=false)
2021-10-31 00:23:09.166 INFO  c.netflix.eureka.registry.AbstractInstanceRegistry:330  [32m        [0;39m Cancelled instance BUSINESS/windows10.microdone.cn:business:9002 (replication=false)
2021-10-31 00:23:09.681 INFO  c.netflix.eureka.registry.AbstractInstanceRegistry:266  [32m        [0;39m Registered instance BUSINESS/windows10.microdone.cn:business:9002 with status DOWN (replication=true)
2021-10-31 00:23:09.681 INFO  c.netflix.eureka.registry.AbstractInstanceRegistry:330  [32m        [0;39m Cancelled instance BUSINESS/windows10.microdone.cn:business:9002 (replication=true)
2021-10-31 00:23:13.778 INFO  c.netflix.eureka.registry.AbstractInstanceRegistry:266  [32m        [0;39m Registered instance BUSINESS/windows10.microdone.cn:business:9002 with status UP (replication=false)
2021-10-31 00:23:14.304 INFO  c.netflix.eureka.registry.AbstractInstanceRegistry:266  [32m        [0;39m Registered instance BUSINESS/windows10.microdone.cn:business:9002 with status UP (replication=true)
2021-10-31 00:23:27.664 INFO  c.netflix.eureka.registry.AbstractInstanceRegistry:1250 [32m        [0;39m Running the evict task with compensationTime 13ms
2021-10-31 00:24:22.466 INFO  c.n.eureka.registry.PeerAwareInstanceRegistryImpl :539  [32m        [0;39m Current renewal threshold is : 5
2021-10-31 00:24:27.677 INFO  c.netflix.eureka.registry.AbstractInstanceRegistry:1250 [32m        [0;39m Running the evict task with compensationTime 13ms
2021-10-31 00:25:27.691 INFO  c.netflix.eureka.registry.AbstractInstanceRegistry:1250 [32m        [0;39m Running the evict task with compensationTime 13ms
2021-10-31 00:26:27.704 INFO  c.netflix.eureka.registry.AbstractInstanceRegistry:1250 [32m        [0;39m Running the evict task with compensationTime 13ms
2021-10-31 00:27:27.708 INFO  c.netflix.eureka.registry.AbstractInstanceRegistry:1250 [32m        [0;39m Running the evict task with compensationTime 4ms
2021-10-31 00:27:59.489 INFO  c.netflix.eureka.registry.AbstractInstanceRegistry:266  [32m        [0;39m Registered instance BUSINESS/windows10.microdone.cn:business:9002 with status DOWN (replication=false)
2021-10-31 00:27:59.505 INFO  c.netflix.eureka.registry.AbstractInstanceRegistry:330  [32m        [0;39m Cancelled instance BUSINESS/windows10.microdone.cn:business:9002 (replication=false)
2021-10-31 00:28:00.012 INFO  c.netflix.eureka.registry.AbstractInstanceRegistry:266  [32m        [0;39m Registered instance BUSINESS/windows10.microdone.cn:business:9002 with status DOWN (replication=true)
2021-10-31 00:28:00.012 INFO  c.netflix.eureka.registry.AbstractInstanceRegistry:330  [32m        [0;39m Cancelled instance BUSINESS/windows10.microdone.cn:business:9002 (replication=true)
2021-10-31 00:28:05.308 INFO  c.netflix.eureka.registry.AbstractInstanceRegistry:266  [32m        [0;39m Registered instance BUSINESS/windows10.microdone.cn:business:9002 with status UP (replication=false)
2021-10-31 00:28:05.773 INFO  c.netflix.eureka.registry.AbstractInstanceRegistry:266  [32m        [0;39m Registered instance BUSINESS/windows10.microdone.cn:business:9002 with status UP (replication=true)
2021-10-31 00:28:27.716 INFO  c.netflix.eureka.registry.AbstractInstanceRegistry:1250 [32m        [0;39m Running the evict task with compensationTime 8ms
2021-10-31 00:29:27.726 INFO  c.netflix.eureka.registry.AbstractInstanceRegistry:1250 [32m        [0;39m Running the evict task with compensationTime 9ms
2021-10-31 00:30:27.729 INFO  c.netflix.eureka.registry.AbstractInstanceRegistry:1250 [32m        [0;39m Running the evict task with compensationTime 3ms
2021-10-31 00:31:27.736 INFO  c.netflix.eureka.registry.AbstractInstanceRegistry:1250 [32m        [0;39m Running the evict task with compensationTime 6ms
2021-10-31 00:32:27.743 INFO  c.netflix.eureka.registry.AbstractInstanceRegistry:1250 [32m        [0;39m Running the evict task with compensationTime 7ms
2021-10-31 00:33:27.754 INFO  c.netflix.eureka.registry.AbstractInstanceRegistry:1250 [32m        [0;39m Running the evict task with compensationTime 11ms
2021-10-31 00:34:27.760 INFO  c.netflix.eureka.registry.AbstractInstanceRegistry:1250 [32m        [0;39m Running the evict task with compensationTime 5ms
2021-10-31 00:35:27.763 INFO  c.netflix.eureka.registry.AbstractInstanceRegistry:1250 [32m        [0;39m Running the evict task with compensationTime 3ms
2021-10-31 00:36:27.770 INFO  c.netflix.eureka.registry.AbstractInstanceRegistry:1250 [32m        [0;39m Running the evict task with compensationTime 6ms
2021-10-31 00:37:27.778 INFO  c.netflix.eureka.registry.AbstractInstanceRegistry:1250 [32m        [0;39m Running the evict task with compensationTime 8ms
2021-10-31 00:38:27.786 INFO  c.netflix.eureka.registry.AbstractInstanceRegistry:1250 [32m        [0;39m Running the evict task with compensationTime 7ms
2021-10-31 00:39:22.467 INFO  c.n.eureka.registry.PeerAwareInstanceRegistryImpl :539  [32m        [0;39m Current renewal threshold is : 5
2021-10-31 00:39:27.786 INFO  c.netflix.eureka.registry.AbstractInstanceRegistry:1250 [32m        [0;39m Running the evict task with compensationTime 0ms
2021-10-31 00:40:27.801 INFO  c.netflix.eureka.registry.AbstractInstanceRegistry:1250 [32m        [0;39m Running the evict task with compensationTime 15ms
2021-10-31 00:41:27.809 INFO  c.netflix.eureka.registry.AbstractInstanceRegistry:1250 [32m        [0;39m Running the evict task with compensationTime 7ms
2021-10-31 00:42:27.823 INFO  c.netflix.eureka.registry.AbstractInstanceRegistry:1250 [32m        [0;39m Running the evict task with compensationTime 14ms
2021-10-31 00:43:27.827 INFO  c.netflix.eureka.registry.AbstractInstanceRegistry:1250 [32m        [0;39m Running the evict task with compensationTime 3ms
2021-10-31 00:44:27.831 INFO  c.netflix.eureka.registry.AbstractInstanceRegistry:1250 [32m        [0;39m Running the evict task with compensationTime 3ms
2021-10-31 00:45:27.839 INFO  c.netflix.eureka.registry.AbstractInstanceRegistry:1250 [32m        [0;39m Running the evict task with compensationTime 8ms
2021-10-31 00:46:27.848 INFO  c.netflix.eureka.registry.AbstractInstanceRegistry:1250 [32m        [0;39m Running the evict task with compensationTime 9ms
2021-10-31 00:47:27.850 INFO  c.netflix.eureka.registry.AbstractInstanceRegistry:1250 [32m        [0;39m Running the evict task with compensationTime 1ms
2021-10-31 00:48:27.859 INFO  c.netflix.eureka.registry.AbstractInstanceRegistry:1250 [32m        [0;39m Running the evict task with compensationTime 9ms
2021-10-31 00:49:27.860 INFO  c.netflix.eureka.registry.AbstractInstanceRegistry:1250 [32m        [0;39m Running the evict task with compensationTime 0ms
2021-10-31 00:50:27.863 INFO  c.netflix.eureka.registry.AbstractInstanceRegistry:1250 [32m        [0;39m Running the evict task with compensationTime 2ms
2021-10-31 00:51:27.877 INFO  c.netflix.eureka.registry.AbstractInstanceRegistry:1250 [32m        [0;39m Running the evict task with compensationTime 14ms
2021-10-31 00:52:27.884 INFO  c.netflix.eureka.registry.AbstractInstanceRegistry:1250 [32m        [0;39m Running the evict task with compensationTime 6ms
2021-10-31 00:53:27.884 INFO  c.netflix.eureka.registry.AbstractInstanceRegistry:1250 [32m        [0;39m Running the evict task with compensationTime 0ms
2021-10-31 00:54:22.467 INFO  c.n.eureka.registry.PeerAwareInstanceRegistryImpl :539  [32m        [0;39m Current renewal threshold is : 5
2021-10-31 00:54:27.898 INFO  c.netflix.eureka.registry.AbstractInstanceRegistry:1250 [32m        [0;39m Running the evict task with compensationTime 14ms
2021-10-31 00:55:27.899 INFO  c.netflix.eureka.registry.AbstractInstanceRegistry:1250 [32m        [0;39m Running the evict task with compensationTime 0ms
2021-10-31 00:56:27.907 INFO  c.netflix.eureka.registry.AbstractInstanceRegistry:1250 [32m        [0;39m Running the evict task with compensationTime 7ms
2021-10-31 00:57:27.922 INFO  c.netflix.eureka.registry.AbstractInstanceRegistry:1250 [32m        [0;39m Running the evict task with compensationTime 14ms
2021-10-31 00:58:27.930 INFO  c.netflix.eureka.registry.AbstractInstanceRegistry:1250 [32m        [0;39m Running the evict task with compensationTime 8ms
2021-10-31 00:59:27.930 INFO  c.netflix.eureka.registry.AbstractInstanceRegistry:1250 [32m        [0;39m Running the evict task with compensationTime 0ms
2021-10-31 01:00:27.931 INFO  c.netflix.eureka.registry.AbstractInstanceRegistry:1250 [32m        [0;39m Running the evict task with compensationTime 0ms
2021-10-31 01:01:27.937 INFO  c.netflix.eureka.registry.AbstractInstanceRegistry:1250 [32m        [0;39m Running the evict task with compensationTime 6ms
2021-10-31 01:02:27.949 INFO  c.netflix.eureka.registry.AbstractInstanceRegistry:1250 [32m        [0;39m Running the evict task with compensationTime 11ms
2021-10-31 01:03:27.953 INFO  c.netflix.eureka.registry.AbstractInstanceRegistry:1250 [32m        [0;39m Running the evict task with compensationTime 4ms
2021-10-31 01:04:27.964 INFO  c.netflix.eureka.registry.AbstractInstanceRegistry:1250 [32m        [0;39m Running the evict task with compensationTime 11ms
2021-10-31 01:05:27.969 INFO  c.netflix.eureka.registry.AbstractInstanceRegistry:1250 [32m        [0;39m Running the evict task with compensationTime 4ms
2021-10-31 01:06:27.974 INFO  c.netflix.eureka.registry.AbstractInstanceRegistry:1250 [32m        [0;39m Running the evict task with compensationTime 5ms
2021-10-31 01:07:27.976 INFO  c.netflix.eureka.registry.AbstractInstanceRegistry:1250 [32m        [0;39m Running the evict task with compensationTime 1ms
2021-10-31 01:08:27.986 INFO  c.netflix.eureka.registry.AbstractInstanceRegistry:1250 [32m        [0;39m Running the evict task with compensationTime 9ms
2021-10-31 01:09:22.476 INFO  c.n.eureka.registry.PeerAwareInstanceRegistryImpl :539  [32m        [0;39m Current renewal threshold is : 5
2021-10-31 01:09:28.000 INFO  c.netflix.eureka.registry.AbstractInstanceRegistry:1250 [32m        [0;39m Running the evict task with compensationTime 14ms
2021-10-31 01:10:28.000 INFO  c.netflix.eureka.registry.AbstractInstanceRegistry:1250 [32m        [0;39m Running the evict task with compensationTime 0ms
2021-10-31 01:11:28.011 INFO  c.netflix.eureka.registry.AbstractInstanceRegistry:1250 [32m        [0;39m Running the evict task with compensationTime 10ms
2021-10-31 01:12:28.019 INFO  c.netflix.eureka.registry.AbstractInstanceRegistry:1250 [32m        [0;39m Running the evict task with compensationTime 7ms
2021-10-31 01:13:28.030 INFO  c.netflix.eureka.registry.AbstractInstanceRegistry:1250 [32m        [0;39m Running the evict task with compensationTime 11ms
2021-10-31 01:14:28.030 INFO  c.netflix.eureka.registry.AbstractInstanceRegistry:1250 [32m        [0;39m Running the evict task with compensationTime 0ms
2021-10-31 01:15:28.031 INFO  c.netflix.eureka.registry.AbstractInstanceRegistry:1250 [32m        [0;39m Running the evict task with compensationTime 0ms
2021-10-31 01:16:28.031 INFO  c.netflix.eureka.registry.AbstractInstanceRegistry:1250 [32m        [0;39m Running the evict task with compensationTime 0ms
2021-10-31 01:17:28.031 INFO  c.netflix.eureka.registry.AbstractInstanceRegistry:1250 [32m        [0;39m Running the evict task with compensationTime 0ms
2021-10-31 01:18:28.032 INFO  c.netflix.eureka.registry.AbstractInstanceRegistry:1250 [32m        [0;39m Running the evict task with compensationTime 0ms
2021-10-31 01:19:28.033 INFO  c.netflix.eureka.registry.AbstractInstanceRegistry:1250 [32m        [0;39m Running the evict task with compensationTime 0ms
2021-10-31 01:20:28.033 INFO  c.netflix.eureka.registry.AbstractInstanceRegistry:1250 [32m        [0;39m Running the evict task with compensationTime 0ms
2021-10-31 01:21:28.034 INFO  c.netflix.eureka.registry.AbstractInstanceRegistry:1250 [32m        [0;39m Running the evict task with compensationTime 0ms
2021-10-31 01:22:28.035 INFO  c.netflix.eureka.registry.AbstractInstanceRegistry:1250 [32m        [0;39m Running the evict task with compensationTime 0ms
2021-10-31 01:23:28.036 INFO  c.netflix.eureka.registry.AbstractInstanceRegistry:1250 [32m        [0;39m Running the evict task with compensationTime 1ms
2021-10-31 01:24:22.476 INFO  c.n.eureka.registry.PeerAwareInstanceRegistryImpl :539  [32m        [0;39m Current renewal threshold is : 5
2021-10-31 01:24:28.036 INFO  c.netflix.eureka.registry.AbstractInstanceRegistry:1250 [32m        [0;39m Running the evict task with compensationTime 0ms
2021-10-31 01:25:28.037 INFO  c.netflix.eureka.registry.AbstractInstanceRegistry:1250 [32m        [0;39m Running the evict task with compensationTime 0ms
2021-10-31 01:26:28.037 INFO  c.netflix.eureka.registry.AbstractInstanceRegistry:1250 [32m        [0;39m Running the evict task with compensationTime 0ms
2021-10-31 01:27:28.038 INFO  c.netflix.eureka.registry.AbstractInstanceRegistry:1250 [32m        [0;39m Running the evict task with compensationTime 1ms
2021-10-31 01:28:28.038 INFO  c.netflix.eureka.registry.AbstractInstanceRegistry:1250 [32m        [0;39m Running the evict task with compensationTime 0ms
2021-10-31 01:29:28.039 INFO  c.netflix.eureka.registry.AbstractInstanceRegistry:1250 [32m        [0;39m Running the evict task with compensationTime 0ms
2021-10-31 01:30:28.039 INFO  c.netflix.eureka.registry.AbstractInstanceRegistry:1250 [32m        [0;39m Running the evict task with compensationTime 0ms
2021-10-31 01:31:28.039 INFO  c.netflix.eureka.registry.AbstractInstanceRegistry:1250 [32m        [0;39m Running the evict task with compensationTime 0ms
2021-10-31 01:32:28.042 INFO  c.netflix.eureka.registry.AbstractInstanceRegistry:1250 [32m        [0;39m Running the evict task with compensationTime 3ms
2021-10-31 01:33:28.042 INFO  c.netflix.eureka.registry.AbstractInstanceRegistry:1250 [32m        [0;39m Running the evict task with compensationTime 0ms
2021-10-31 01:34:28.042 INFO  c.netflix.eureka.registry.AbstractInstanceRegistry:1250 [32m        [0;39m Running the evict task with compensationTime 0ms
2021-10-31 01:35:28.043 INFO  c.netflix.eureka.registry.AbstractInstanceRegistry:1250 [32m        [0;39m Running the evict task with compensationTime 0ms
2021-10-31 01:36:28.044 INFO  c.netflix.eureka.registry.AbstractInstanceRegistry:1250 [32m        [0;39m Running the evict task with compensationTime 0ms
2021-10-31 01:37:28.044 INFO  c.netflix.eureka.registry.AbstractInstanceRegistry:1250 [32m        [0;39m Running the evict task with compensationTime 0ms
2021-10-31 01:38:28.044 INFO  c.netflix.eureka.registry.AbstractInstanceRegistry:1250 [32m        [0;39m Running the evict task with compensationTime 0ms
2021-10-31 01:39:22.477 INFO  c.n.eureka.registry.PeerAwareInstanceRegistryImpl :539  [32m        [0;39m Current renewal threshold is : 5
2021-10-31 01:39:28.045 INFO  c.netflix.eureka.registry.AbstractInstanceRegistry:1250 [32m        [0;39m Running the evict task with compensationTime 0ms
2021-10-31 01:40:28.046 INFO  c.netflix.eureka.registry.AbstractInstanceRegistry:1250 [32m        [0;39m Running the evict task with compensationTime 0ms
2021-10-31 01:41:28.046 INFO  c.netflix.eureka.registry.AbstractInstanceRegistry:1250 [32m        [0;39m Running the evict task with compensationTime 0ms
2021-10-31 01:42:28.046 INFO  c.netflix.eureka.registry.AbstractInstanceRegistry:1250 [32m        [0;39m Running the evict task with compensationTime 1ms
2021-10-31 01:43:28.047 INFO  c.netflix.eureka.registry.AbstractInstanceRegistry:1250 [32m        [0;39m Running the evict task with compensationTime 0ms
2021-10-31 01:44:28.047 INFO  c.netflix.eureka.registry.AbstractInstanceRegistry:1250 [32m        [0;39m Running the evict task with compensationTime 0ms
2021-10-31 01:45:28.048 INFO  c.netflix.eureka.registry.AbstractInstanceRegistry:1250 [32m        [0;39m Running the evict task with compensationTime 0ms
2021-10-31 01:46:28.048 INFO  c.netflix.eureka.registry.AbstractInstanceRegistry:1250 [32m        [0;39m Running the evict task with compensationTime 0ms
2021-10-31 01:47:28.049 INFO  c.netflix.eureka.registry.AbstractInstanceRegistry:1250 [32m        [0;39m Running the evict task with compensationTime 0ms
2021-10-31 01:48:28.049 INFO  c.netflix.eureka.registry.AbstractInstanceRegistry:1250 [32m        [0;39m Running the evict task with compensationTime 0ms
2021-10-31 01:49:28.049 INFO  c.netflix.eureka.registry.AbstractInstanceRegistry:1250 [32m        [0;39m Running the evict task with compensationTime 0ms
2021-10-31 01:50:28.050 INFO  c.netflix.eureka.registry.AbstractInstanceRegistry:1250 [32m        [0;39m Running the evict task with compensationTime 0ms
2021-10-31 01:51:28.051 INFO  c.netflix.eureka.registry.AbstractInstanceRegistry:1250 [32m        [0;39m Running the evict task with compensationTime 0ms
2021-10-31 01:52:28.051 INFO  c.netflix.eureka.registry.AbstractInstanceRegistry:1250 [32m        [0;39m Running the evict task with compensationTime 0ms
2021-10-31 01:53:28.051 INFO  c.netflix.eureka.registry.AbstractInstanceRegistry:1250 [32m        [0;39m Running the evict task with compensationTime 0ms
2021-10-31 01:54:22.477 INFO  c.n.eureka.registry.PeerAwareInstanceRegistryImpl :539  [32m        [0;39m Current renewal threshold is : 5
2021-10-31 01:54:28.054 INFO  c.netflix.eureka.registry.AbstractInstanceRegistry:1250 [32m        [0;39m Running the evict task with compensationTime 2ms
2021-10-31 01:55:28.054 INFO  c.netflix.eureka.registry.AbstractInstanceRegistry:1250 [32m        [0;39m Running the evict task with compensationTime 0ms
2021-10-31 01:56:28.055 INFO  c.netflix.eureka.registry.AbstractInstanceRegistry:1250 [32m        [0;39m Running the evict task with compensationTime 0ms
2021-10-31 01:57:28.055 INFO  c.netflix.eureka.registry.AbstractInstanceRegistry:1250 [32m        [0;39m Running the evict task with compensationTime 0ms
2021-10-31 01:58:28.056 INFO  c.netflix.eureka.registry.AbstractInstanceRegistry:1250 [32m        [0;39m Running the evict task with compensationTime 0ms
2021-10-31 01:59:28.057 INFO  c.netflix.eureka.registry.AbstractInstanceRegistry:1250 [32m        [0;39m Running the evict task with compensationTime 1ms
2021-10-31 01:00:28.057 INFO  c.netflix.eureka.registry.AbstractInstanceRegistry:1250 [32m        [0;39m Running the evict task with compensationTime 0ms
2021-10-31 01:01:28.058 INFO  c.netflix.eureka.registry.AbstractInstanceRegistry:1250 [32m        [0;39m Running the evict task with compensationTime 0ms
2021-10-31 01:02:28.058 INFO  c.netflix.eureka.registry.AbstractInstanceRegistry:1250 [32m        [0;39m Running the evict task with compensationTime 0ms
2021-10-31 01:03:28.058 INFO  c.netflix.eureka.registry.AbstractInstanceRegistry:1250 [32m        [0;39m Running the evict task with compensationTime 0ms
2021-10-31 01:04:28.059 INFO  c.netflix.eureka.registry.AbstractInstanceRegistry:1250 [32m        [0;39m Running the evict task with compensationTime 0ms
2021-10-31 01:05:28.059 INFO  c.netflix.eureka.registry.AbstractInstanceRegistry:1250 [32m        [0;39m Running the evict task with compensationTime 0ms
2021-10-31 01:06:28.060 INFO  c.netflix.eureka.registry.AbstractInstanceRegistry:1250 [32m        [0;39m Running the evict task with compensationTime 0ms
2021-10-31 01:07:28.060 INFO  c.netflix.eureka.registry.AbstractInstanceRegistry:1250 [32m        [0;39m Running the evict task with compensationTime 0ms
2021-10-31 01:08:28.061 INFO  c.netflix.eureka.registry.AbstractInstanceRegistry:1250 [32m        [0;39m Running the evict task with compensationTime 0ms
2021-10-31 01:09:22.478 INFO  c.n.eureka.registry.PeerAwareInstanceRegistryImpl :539  [32m        [0;39m Current renewal threshold is : 5
2021-10-31 01:09:28.061 INFO  c.netflix.eureka.registry.AbstractInstanceRegistry:1250 [32m        [0;39m Running the evict task with compensationTime 0ms
2021-10-31 01:10:28.062 INFO  c.netflix.eureka.registry.AbstractInstanceRegistry:1250 [32m        [0;39m Running the evict task with compensationTime 0ms
2021-10-31 01:11:28.063 INFO  c.netflix.eureka.registry.AbstractInstanceRegistry:1250 [32m        [0;39m Running the evict task with compensationTime 0ms
2021-10-31 01:12:28.063 INFO  c.netflix.eureka.registry.AbstractInstanceRegistry:1250 [32m        [0;39m Running the evict task with compensationTime 0ms
2021-10-31 01:13:28.063 INFO  c.netflix.eureka.registry.AbstractInstanceRegistry:1250 [32m        [0;39m Running the evict task with compensationTime 0ms
2021-10-31 01:14:28.064 INFO  c.netflix.eureka.registry.AbstractInstanceRegistry:1250 [32m        [0;39m Running the evict task with compensationTime 0ms
2021-10-31 01:15:28.064 INFO  c.netflix.eureka.registry.AbstractInstanceRegistry:1250 [32m        [0;39m Running the evict task with compensationTime 0ms
2021-10-31 01:16:28.064 INFO  c.netflix.eureka.registry.AbstractInstanceRegistry:1250 [32m        [0;39m Running the evict task with compensationTime 0ms
2021-10-31 01:17:28.065 INFO  c.netflix.eureka.registry.AbstractInstanceRegistry:1250 [32m        [0;39m Running the evict task with compensationTime 0ms
2021-10-31 01:18:28.065 INFO  c.netflix.eureka.registry.AbstractInstanceRegistry:1250 [32m        [0;39m Running the evict task with compensationTime 0ms
2021-10-31 01:19:28.066 INFO  c.netflix.eureka.registry.AbstractInstanceRegistry:1250 [32m        [0;39m Running the evict task with compensationTime 0ms
2021-10-31 01:20:28.066 INFO  c.netflix.eureka.registry.AbstractInstanceRegistry:1250 [32m        [0;39m Running the evict task with compensationTime 0ms
2021-10-31 01:21:28.067 INFO  c.netflix.eureka.registry.AbstractInstanceRegistry:1250 [32m        [0;39m Running the evict task with compensationTime 0ms
2021-10-31 01:22:28.068 INFO  c.netflix.eureka.registry.AbstractInstanceRegistry:1250 [32m        [0;39m Running the evict task with compensationTime 0ms
2021-10-31 01:23:28.068 INFO  c.netflix.eureka.registry.AbstractInstanceRegistry:1250 [32m        [0;39m Running the evict task with compensationTime 0ms
2021-10-31 01:24:22.478 INFO  c.n.eureka.registry.PeerAwareInstanceRegistryImpl :539  [32m        [0;39m Current renewal threshold is : 5
2021-10-31 01:24:28.068 INFO  c.netflix.eureka.registry.AbstractInstanceRegistry:1250 [32m        [0;39m Running the evict task with compensationTime 0ms
2021-10-31 01:25:28.069 INFO  c.netflix.eureka.registry.AbstractInstanceRegistry:1250 [32m        [0;39m Running the evict task with compensationTime 0ms
2021-10-31 01:26:28.069 INFO  c.netflix.eureka.registry.AbstractInstanceRegistry:1250 [32m        [0;39m Running the evict task with compensationTime 0ms
2021-10-31 01:27:28.070 INFO  c.netflix.eureka.registry.AbstractInstanceRegistry:1250 [32m        [0;39m Running the evict task with compensationTime 0ms
2021-10-31 01:28:28.070 INFO  c.netflix.eureka.registry.AbstractInstanceRegistry:1250 [32m        [0;39m Running the evict task with compensationTime 0ms
2021-10-31 01:29:28.071 INFO  c.netflix.eureka.registry.AbstractInstanceRegistry:1250 [32m        [0;39m Running the evict task with compensationTime 0ms
2021-10-31 01:30:28.072 INFO  c.netflix.eureka.registry.AbstractInstanceRegistry:1250 [32m        [0;39m Running the evict task with compensationTime 0ms
2021-10-31 01:31:28.072 INFO  c.netflix.eureka.registry.AbstractInstanceRegistry:1250 [32m        [0;39m Running the evict task with compensationTime 0ms
2021-10-31 01:32:28.073 INFO  c.netflix.eureka.registry.AbstractInstanceRegistry:1250 [32m        [0;39m Running the evict task with compensationTime 0ms
2021-10-31 01:33:28.073 INFO  c.netflix.eureka.registry.AbstractInstanceRegistry:1250 [32m        [0;39m Running the evict task with compensationTime 0ms
2021-10-31 01:34:28.074 INFO  c.netflix.eureka.registry.AbstractInstanceRegistry:1250 [32m        [0;39m Running the evict task with compensationTime 0ms
2021-10-31 01:35:28.079 INFO  c.netflix.eureka.registry.AbstractInstanceRegistry:1250 [32m        [0;39m Running the evict task with compensationTime 6ms
2021-10-31 01:36:28.093 INFO  c.netflix.eureka.registry.AbstractInstanceRegistry:1250 [32m        [0;39m Running the evict task with compensationTime 12ms
2021-10-31 01:37:28.107 INFO  c.netflix.eureka.registry.AbstractInstanceRegistry:1250 [32m        [0;39m Running the evict task with compensationTime 14ms
2021-10-31 01:38:28.120 INFO  c.netflix.eureka.registry.AbstractInstanceRegistry:1250 [32m        [0;39m Running the evict task with compensationTime 12ms
2021-10-31 01:39:22.489 INFO  c.n.eureka.registry.PeerAwareInstanceRegistryImpl :539  [32m        [0;39m Current renewal threshold is : 5
2021-10-31 01:39:28.120 INFO  c.netflix.eureka.registry.AbstractInstanceRegistry:1250 [32m        [0;39m Running the evict task with compensationTime 0ms
2021-10-31 01:40:28.123 INFO  c.netflix.eureka.registry.AbstractInstanceRegistry:1250 [32m        [0;39m Running the evict task with compensationTime 3ms
2021-10-31 01:41:28.133 INFO  c.netflix.eureka.registry.AbstractInstanceRegistry:1250 [32m        [0;39m Running the evict task with compensationTime 9ms
2021-10-31 01:42:28.143 INFO  c.netflix.eureka.registry.AbstractInstanceRegistry:1250 [32m        [0;39m Running the evict task with compensationTime 9ms
2021-10-31 01:43:28.144 INFO  c.netflix.eureka.registry.AbstractInstanceRegistry:1250 [32m        [0;39m Running the evict task with compensationTime 1ms
2021-10-31 01:44:28.154 INFO  c.netflix.eureka.registry.AbstractInstanceRegistry:1250 [32m        [0;39m Running the evict task with compensationTime 9ms
2021-10-31 01:45:28.167 INFO  c.netflix.eureka.registry.AbstractInstanceRegistry:1250 [32m        [0;39m Running the evict task with compensationTime 12ms
2021-10-31 01:46:28.181 INFO  c.netflix.eureka.registry.AbstractInstanceRegistry:1250 [32m        [0;39m Running the evict task with compensationTime 14ms
2021-10-31 01:47:28.186 INFO  c.netflix.eureka.registry.AbstractInstanceRegistry:1250 [32m        [0;39m Running the evict task with compensationTime 5ms
2021-10-31 01:48:28.198 INFO  c.netflix.eureka.registry.AbstractInstanceRegistry:1250 [32m        [0;39m Running the evict task with compensationTime 11ms
2021-10-31 01:48:38.080 INFO  c.netflix.eureka.registry.AbstractInstanceRegistry:266  [32m        [0;39m Registered instance BUSINESS/windows10.microdone.cn:business:9002 with status DOWN (replication=false)
2021-10-31 01:48:38.620 INFO  c.netflix.eureka.registry.AbstractInstanceRegistry:266  [32m        [0;39m Registered instance BUSINESS/windows10.microdone.cn:business:9002 with status DOWN (replication=true)
2021-10-31 01:48:41.127 INFO  c.netflix.eureka.registry.AbstractInstanceRegistry:330  [32m        [0;39m Cancelled instance BUSINESS/windows10.microdone.cn:business:9002 (replication=false)
2021-10-31 01:48:41.676 WARN  c.netflix.eureka.registry.AbstractInstanceRegistry:315  [32m        [0;39m DS: Registry: cancel failed because Lease is not registered for: BUSINESS/windows10.microdone.cn:business:9002
2021-10-31 01:48:41.676 INFO  com.netflix.eureka.resources.InstanceResource     :288  [32m        [0;39m Not Found (Cancel): BUSINESS - windows10.microdone.cn:business:9002
2021-10-31 01:48:41.677 WARN  com.netflix.eureka.cluster.ReplicationTask        :35   [32m        [0;39m The replication of task BUSINESS/windows10.microdone.cn:business:9002:Cancel@localhost failed with response code 404
2021-10-31 01:48:41.677 WARN  com.netflix.eureka.cluster.PeerEurekaNode         :171  [32m        [0;39m BUSINESS/windows10.microdone.cn:business:9002:Cancel@localhost: missing entry.
2021-10-31 01:48:46.499 INFO  c.netflix.eureka.registry.AbstractInstanceRegistry:266  [32m        [0;39m Registered instance BUSINESS/windows10.microdone.cn:business:9002 with status UP (replication=false)
2021-10-31 01:48:47.019 INFO  c.netflix.eureka.registry.AbstractInstanceRegistry:266  [32m        [0;39m Registered instance BUSINESS/windows10.microdone.cn:business:9002 with status UP (replication=true)
2021-10-31 01:49:28.209 INFO  c.netflix.eureka.registry.AbstractInstanceRegistry:1250 [32m        [0;39m Running the evict task with compensationTime 11ms
2021-10-31 01:50:28.219 INFO  c.netflix.eureka.registry.AbstractInstanceRegistry:1250 [32m        [0;39m Running the evict task with compensationTime 10ms
2021-10-31 01:51:28.230 INFO  c.netflix.eureka.registry.AbstractInstanceRegistry:1250 [32m        [0;39m Running the evict task with compensationTime 10ms
2021-10-31 01:52:28.236 INFO  c.netflix.eureka.registry.AbstractInstanceRegistry:1250 [32m        [0;39m Running the evict task with compensationTime 6ms
